<?xml version="1.0" encoding="UTF-8"?>
<TestRun id="0891de25-d9bb-4501-8bf2-743680b96bd2" name="relish@XRELISHX 2011-04-06 19:02:54" runUser="xrelishx\relish" xmlns="http://microsoft.com/schemas/VisualStudio/TeamTest/2010">
  <TestSettings name="Local" id="a9e2b08f-d974-486d-bc12-7686e559e884">
    <Description>These are default test settings for a local test run.</Description>
    <Deployment enabled="false" runDeploymentRoot="relish_XRELISHX 2011-04-06 19_02_54" />
    <Execution>
      <TestTypeSpecific />
      <AgentRule name="Execution Agents">
      </AgentRule>
    </Execution>
  </TestSettings>
  <Times creation="2011-04-06T19:02:54.7029332+01:00" queuing="2011-04-06T19:02:55.1809605+01:00" start="2011-04-06T19:02:55.7739945+01:00" finish="2011-04-06T19:02:57.2060764+01:00" />
  <ResultSummary outcome="Completed">
    <Counters total="1" executed="1" passed="1" error="0" failed="0" timeout="0" aborted="0" inconclusive="0" passedButRunAborted="0" notRunnable="0" notExecuted="0" disconnected="0" warning="0" completed="0" inProgress="0" pending="0" />
  </ResultSummary>
  <TestDefinitions>
    <UnitTest name="TestMethod1" storage="c:\igor\isel\semestres\projecto mestrado\mib\source\mib\second\mib_second\blackbox.test\bin\debug\blackbox.test.dll" id="2405f7be-2bed-758b-f185-5c0f9e592dd9">
      <Execution timeOut="1800000" id="8e2a8730-fe07-4c37-823f-3d5e2bd710de" />
      <TestMethod codeBase="C:/Igor/Isel/Semestres/Projecto Mestrado/MIB/Source/MIB/Second/MIB_Second/Blackbox.Test/bin/Debug/Blackbox.Test.DLL" adapterTypeName="Microsoft.VisualStudio.TestTools.TestTypes.Unit.UnitTestAdapter, Microsoft.VisualStudio.QualityTools.Tips.UnitTest.Adapter, Version=10.0.0.0, Culture=neutral, PublicKeyToken=b03f5f7f11d50a3a" className="Blackbox.Test.UnitTest1, Blackbox.Test, Version=1.0.0.0, Culture=neutral, PublicKeyToken=null" name="TestMethod1" />
    </UnitTest>
  </TestDefinitions>
  <TestLists>
    <TestList name="Results Not in a List" id="8c84fa94-04c1-424b-9868-57a2d4851a1d" />
    <TestList name="All Loaded Results" id="19431567-8539-422a-85d7-44ee4e166bda" />
  </TestLists>
  <TestEntries>
    <TestEntry testId="2405f7be-2bed-758b-f185-5c0f9e592dd9" executionId="8e2a8730-fe07-4c37-823f-3d5e2bd710de" testListId="8c84fa94-04c1-424b-9868-57a2d4851a1d" />
  </TestEntries>
  <Results>
    <UnitTestResult executionId="8e2a8730-fe07-4c37-823f-3d5e2bd710de" testId="2405f7be-2bed-758b-f185-5c0f9e592dd9" testName="TestMethod1" computerName="XRELISHX" duration="00:00:00.0141515" startTime="2011-04-06T19:02:57.0140654+01:00" endTime="2011-04-06T19:02:57.0930699+01:00" testType="13cdc9d9-ddb5-4fa4-a97d-d965ccfc6d4b" outcome="Passed" testListId="8c84fa94-04c1-424b-9868-57a2d4851a1d" relativeResultsDirectory="8e2a8730-fe07-4c37-823f-3d5e2bd710de">
    </UnitTestResult>
  </Results>
</TestRun>